<?xml version="1.0"?>
<testsuite name="Chrome Headless 125.0.6422.78 (Mac OS 10.15.7)" package="" timestamp="2024-09-02T14:18:36" id="0" hostname="alBz.local" tests="11" errors="0" failures="0" time="0.035">
  <properties>
    <property name="browser.fullName" value="Mozilla/5.0 (Macintosh; Intel Mac OS X 10_15_7) AppleWebKit/537.36 (KHTML, like Gecko) HeadlessChrome/125.0.6422.78 Safari/537.36"/>
  </properties>
  <testcase name="ArticleListComponent should create" time="0.025" classname="ArticleListComponent"/>
  <testcase name="ArticleViewComponent should create" time="0.007" classname="ArticleViewComponent"/>
  <testcase name="ArticleService should handle errors when getting all articles" time="0" classname="ArticleService"/>
  <testcase name="ArticleService handleError should return an Error object with message &quot;Internal server error&quot; for status code 500" time="0" classname="ArticleService handleError"/>
  <testcase name="ArticleService handleError should return an Error object with message &quot;Bad gateway&quot; for status code 502" time="0" classname="ArticleService handleError"/>
  <testcase name="ArticleService handleError should return an Error object with message &quot;Unauthorized&quot; for status code 401" time="0.001" classname="ArticleService handleError"/>
  <testcase name="ArticleService handleError should return an Error object with the error message for other status codes" time="0" classname="ArticleService handleError"/>
  <testcase name="ArticleService handleError should return an Error object with message &quot;Not found&quot; for status code 404" time="0.001" classname="ArticleService handleError"/>
  <testcase name="ArticleService handleError should return an Error object with message &quot;Bad request&quot; for status code 400" time="0" classname="ArticleService handleError"/>
  <testcase name="ArticleService getAllArticles should set articles when data is returned successfully" time="0" classname="ArticleService getAllArticles"/>
  <testcase name="ArticleService getAllArticles should handle error properly" time="0.001" classname="ArticleService getAllArticles"/>
  <system-out>
    <![CDATA[
]]>
  </system-out>
  <system-err/>
</testsuite>